<?xml version="1.0" encoding="UTF-8"?>
<!-- Generated by org.testng.reporters.JUnitReportReporter -->
<testsuite skipped="0" hostname="WW2005176" name="RestAssuredAPI.GetResponse" tests="2" failures="0" timestamp="15 May 2018 13:22:58 GMT" time="3.774" errors="0">
  <testcase name="GetResponseCode" time="2.951" classname="RestAssuredAPI.GetResponse"/>
  <testcase name="GetResponseData" time="0.823" classname="RestAssuredAPI.GetResponse"/>
</testsuite> <!-- RestAssuredAPI.GetResponse -->
