<?xml version="1.0" encoding="UTF-8"?>
<!-- Generated by org.testng.reporters.JUnitReportReporter -->
<testsuite skipped="0" hostname="WW2005176" name="NewTest" tests="1" failures="0" timestamp="26 Feb 2018 06:35:38 GMT" time="73.101" errors="0">
  <testcase name="main" time="73.101" classname="NewTest"/>
</testsuite> <!-- NewTest -->
